./document.err errors


== AsciiDoc Input

(ID _bibliography): Section not marked up as [bibliography]!
	#<Asciidoctor::Section@504520 {level: 1, title: "B. Bibliography", blocks: 6}>
(Section: Bibliography): no anchor on reference, markup may be malformed: see
https://www.metanorma.com/author/topics/document-format/bibliography/ ,
https://www.metanorma.com/author/iso/topics/markup/#bibliographies
: [<bookmark id="Simonis2018"/>], Standardized Big Data Processing in Hybrid Clouds. In: Proceedings of the 4th International Conference on Geographical Information Systems Theory, Applications and Management - Volume 1: GISTAM, pp. 205–210. SciTePress (2018).
	#<Asciidoctor::List@504540 {context: :ulist, style: nil, items: 1}>
(Section: Bibliography): no anchor on reference, markup may be malformed: see
https://www.metanorma.com/author/topics/document-format/bibliography/ ,
https://www.metanorma.com/author/iso/topics/markup/#bibliographies
: [<bookmark id="ogc14-083r2"/>], OGC: OGC 14-083r2: Moving Features Encoding Part I: XML Core, 2015
	#<Asciidoctor::List@504560 {context: :ulist, style: nil, items: 1}>
(Section: Bibliography): no anchor on reference, markup may be malformed: see
https://www.metanorma.com/author/topics/document-format/bibliography/ ,
https://www.metanorma.com/author/iso/topics/markup/#bibliographies
: [<bookmark id="ogc14-084r2"/>], OGC: OGC 14-084r2: Moving Features Encoding Extension: Simple Comma Separated Values
	#<Asciidoctor::List@504580 {context: :ulist, style: nil, items: 1}>
(Section: Bibliography): no anchor on reference, markup may be malformed: see
https://www.metanorma.com/author/topics/document-format/bibliography/ ,
https://www.metanorma.com/author/iso/topics/markup/#bibliographies
: [<bookmark id="ogc11-165r2"/>], OGC: OGC 11-165r2: CF-netCDF3 Data Model Extension standard, 2012
	#<Asciidoctor::List@504600 {context: :ulist, style: nil, items: 1}>
(Section: Bibliography): no anchor on reference, markup may be malformed: see
https://www.metanorma.com/author/topics/document-format/bibliography/ ,
https://www.metanorma.com/author/iso/topics/markup/#bibliographies
: [<bookmark id="ogc10-092r3"/>], OGC: OGC 10-092r3: NetCDF Binary Encoding Extension Standard: netCDF Classic and 64-bit Offset Format, 2011
	#<Asciidoctor::List@504620 {context: :ulist, style: nil, items: 1}>
(Section: Bibliography): no anchor on reference, markup may be malformed: see
https://www.metanorma.com/author/topics/document-format/bibliography/ ,
https://www.metanorma.com/author/iso/topics/markup/#bibliographies
: [<bookmark id="netcdf"/>], Lawrence Livermore National Laboratory: NetCDF CF Metadata Conventions – <link target="http://cfconventions.org/"/>
	#<Asciidoctor::List@504640 {context: :ulist, style: nil, items: 2}>
(Section: Bibliography): no anchor on reference, markup may be malformed: see
https://www.metanorma.com/author/topics/document-format/bibliography/ ,
https://www.metanorma.com/author/iso/topics/markup/#bibliographies
: [<bookmark id="acdd"/>], ESIP: Attribute Convention for Data Discovery (ACDD) – <link target="http://wiki.esipfed.org/index.php/"/>
	#<Asciidoctor::List@504640 {context: :ulist, style: nil, items: 2}>


== Metanorma XML Style Warning

(XML Line 000045): Table should have title
	<table id="_e6e1748a-531c-623d-29e4-70b09e7a295d" unnumbered="true"><tbody><tr><th valign="middle" align="left">Name</th>
	<th valign="middle" align="left">Affiliation</th>
	</tr><tr><td valign="middle" align="left">John Doe</td>
	<td valign="middle" align="left">Landcare Research New Zealand
	…​</td>


== Metanorma XML Syntax

(XML Line 000151:64): element "clause" not allowed here; expected the element end-tag or element "submitters"
(XML Line 000154:65): element "clause" not allowed here; expected the element end-tag or element "submitters"
(XML Line 000161:102): element "clause" not allowed here; expected the element end-tag or element "submitters"
(XML Line 000261:95): value of attribute "obligation" is invalid; must be equal to "informative" or "normative"
